2024-02-09 10:15:57.351 | INFO     | gtab.trend_search:calibrate_instance:61 - query success: Sean Hannity
2024-02-09 10:16:05.455 | INFO     | gtab.trend_search:calibrate_instance:61 - query success: Eric Bolling
2024-02-09 10:16:13.642 | INFO     | gtab.trend_search:calibrate_instance:61 - query success: Charles Payne
2024-02-09 10:16:19.495 | INFO     | gtab.trend_search:calibrate_instance:61 - query success: Harry Knowles
2024-02-09 10:16:24.880 | INFO     | gtab.trend_search:calibrate_instance:61 - query success: Lockhart Steele
2024-02-09 10:16:30.451 | INFO     | gtab.trend_search:calibrate_instance:61 - query success: Knight Landesman
2024-02-09 10:16:38.662 | INFO     | gtab.trend_search:calibrate_instance:61 - query success: Michael Hafford
2024-02-09 10:16:45.387 | INFO     | gtab.trend_search:calibrate_instance:61 - query success: Jann Wenner
2024-02-09 10:16:53.089 | INFO     | gtab.trend_search:calibrate_instance:61 - query success: Vince Ingenito
2024-02-09 10:17:01.438 | INFO     | gtab.trend_search:calibrate_instance:61 - query success: Matt Lauer
2024-02-09 10:17:06.365 | INFO     | gtab.trend_search:calibrate_instance:61 - query success: John Hockenberry
2024-02-09 10:17:12.490 | INFO     | gtab.trend_search:calibrate_instance:61 - query success: Donovan McNabb
2024-02-09 10:17:19.255 | INFO     | gtab.trend_search:calibrate_instance:61 - query success: Jonathan Schwartz
2024-02-09 10:17:26.192 | INFO     | gtab.trend_search:calibrate_instance:61 - query success: Don Hazen
2024-02-09 10:17:34.001 | INFO     | gtab.trend_search:calibrate_instance:61 - query success: Mike Germano
2024-02-09 10:17:43.216 | INFO     | gtab.trend_search:calibrate_instance:61 - query success: H. Brandt Ayers
2024-02-09 10:17:51.817 | INFO     | gtab.trend_search:calibrate_instance:61 - query success: Roy Moore
2024-02-09 10:18:00.211 | INFO     | gtab.trend_search:calibrate_instance:61 - query success: Antonin Kratochvil
2024-02-09 10:18:06.882 | INFO     | gtab.trend_search:calibrate_instance:61 - query success: Nick Sauer
2024-02-09 10:18:14.087 | INFO     | gtab.trend_search:calibrate_instance:61 - query success: Mel Watt
2024-02-09 10:18:21.846 | INFO     | gtab.trend_search:calibrate_instance:61 - query success: Harvey Weinstein
2024-02-09 10:18:28.693 | INFO     | gtab.trend_search:calibrate_instance:61 - query success: Eric Schneiderman
2024-02-09 10:18:37.105 | INFO     | gtab.trend_search:calibrate_instance:61 - query success: Clay Johnson
2024-02-09 10:18:42.509 | INFO     | gtab.trend_search:calibrate_instance:61 - query success: Cristina Garcia
2024-02-09 10:18:50.801 | INFO     | gtab.trend_search:calibrate_instance:61 - query success: Jeffrey Klein
2024-02-09 10:18:58.332 | INFO     | gtab.trend_search:calibrate_instance:61 - query success: Corey Lewandowski
2024-02-09 10:19:03.482 | INFO     | gtab.trend_search:calibrate_instance:61 - query success: Bobby Scott
2024-02-09 10:19:08.925 | INFO     | gtab.trend_search:calibrate_instance:61 - query success: Ed Murray
2024-02-09 10:19:15.685 | INFO     | gtab.trend_search:calibrate_instance:61 - query success: Dan Johnson
2024-02-09 10:19:22.572 | INFO     | gtab.trend_search:calibrate_instance:61 - query success: Steven Wilder Striegel
2024-02-09 10:19:30.434 | INFO     | gtab.trend_search:calibrate_instance:61 - query success: Chase Finlay
2024-02-09 10:19:40.269 | INFO     | gtab.trend_search:calibrate_instance:61 - query success: Asia Argento
2024-02-09 10:19:46.405 | INFO     | gtab.trend_search:calibrate_instance:61 - query success: Rick Day
2024-02-09 10:19:54.240 | INFO     | gtab.trend_search:calibrate_instance:61 - query success: Morgan Freeman
2024-02-09 10:20:01.153 | INFO     | gtab.trend_search:calibrate_instance:61 - query success: Boyd Tinsley
2024-02-09 10:20:06.712 | INFO     | gtab.trend_search:calibrate_instance:61 - query success: Ameer Vann
2024-02-09 10:20:11.229 | INFO     | gtab.trend_search:calibrate_instance:61 - query success: John Kricfalusi
2024-02-09 10:20:16.552 | INFO     | gtab.trend_search:calibrate_instance:61 - query success: Richard DeVaul
2024-02-09 10:20:23.757 | INFO     | gtab.trend_search:calibrate_instance:61 - query success: Sam Isaly
2024-02-09 10:20:29.417 | INFO     | gtab.trend_search:calibrate_instance:61 - query success: Robert Scoble
2024-02-09 10:20:35.247 | INFO     | gtab.trend_search:calibrate_instance:61 - query success: Dave McClure
2024-02-09 10:20:41.285 | INFO     | gtab.trend_search:calibrate_instance:61 - query success: Travis Kalanick
2024-02-09 10:20:47.536 | INFO     | gtab.trend_search:calibrate_instance:61 - query success: Avital Ronell
2024-02-09 10:20:56.595 | INFO     | gtab.trend_search:calibrate_instance:61 - query success: Mark Mellor
2024-02-09 10:21:05.102 | INFO     | gtab.trend_search:calibrate_instance:61 - query success: William Jacoby
2024-02-09 10:21:14.816 | INFO     | gtab.trend_search:calibrate_instance:61 - query success: Robert Reece
2024-02-09 10:21:20.715 | INFO     | gtab.trend_search:calibrate_instance:61 - query success: Jorge Dominguez
2024-02-09 10:21:27.167 | INFO     | gtab.trend_search:calibrate_instance:61 - query success: Sean Hutchison
2024-02-09 10:21:35.770 | INFO     | gtab.trend_search:calibrate_instance:61 - query success: Brent Hamilton
2024-02-09 10:21:44.762 | INFO     | gtab.trend_search:calibrate_instance:61 - query success: Phillip Deitrich
2024-02-09 10:21:52.329 | INFO     | gtab.trend_search:calibrate_instance:61 - query success: John Kenneally
2024-02-09 10:22:02.287 | INFO     | gtab.trend_search:calibrate_instance:61 - query success: Roger Ailes
2024-02-09 10:22:10.657 | INFO     | gtab.trend_search:calibrate_instance:61 - query success: Bill O'Reilly
2024-02-09 10:22:16.690 | INFO     | gtab.trend_search:calibrate_instance:61 - query success: Roy Price
2024-02-09 10:22:22.768 | INFO     | gtab.trend_search:calibrate_instance:61 - query success: Andy Signore
2024-02-09 10:22:30.344 | INFO     | gtab.trend_search:calibrate_instance:61 - query success: Donald Trump
2024-02-09 10:22:40.525 | INFO     | gtab.trend_search:calibrate_instance:61 - query success: Christina Seafort
2024-02-09 10:22:46.591 | INFO     | gtab.trend_search:calibrate_instance:61 - query success: Adam Venit
2024-02-09 10:22:54.900 | INFO     | gtab.trend_search:calibrate_instance:61 - query success: Albert J. Alvarez
2024-02-09 10:23:01.164 | INFO     | gtab.trend_search:calibrate_instance:61 - query success: Albert Schultz
2024-02-09 10:23:10.077 | INFO     | gtab.trend_search:calibrate_instance:61 - query success: Alec Klein
2024-02-09 10:23:17.887 | INFO     | gtab.trend_search:calibrate_instance:61 - query success: Alex Jones
2024-02-09 10:23:23.781 | INFO     | gtab.trend_search:calibrate_instance:61 - query success: Alex Kozinski
2024-02-09 10:23:31.582 | INFO     | gtab.trend_search:calibrate_instance:61 - query success: Andre Passos
2024-02-09 10:23:36.798 | INFO     | gtab.trend_search:calibrate_instance:61 - query success: Andrea Ramsey
2024-02-09 10:23:43.794 | INFO     | gtab.trend_search:calibrate_instance:61 - query success: Andy Henry
2024-02-09 10:23:49.658 | INFO     | gtab.trend_search:calibrate_instance:61 - query success: Andy Savage
2024-02-09 10:23:58.310 | INFO     | gtab.trend_search:calibrate_instance:61 - query success: Aziz Ansari
2024-02-09 10:24:06.059 | INFO     | gtab.trend_search:calibrate_instance:61 - query success: Barry Lubin
2024-02-09 10:24:14.275 | INFO     | gtab.trend_search:calibrate_instance:61 - query success: Ben Affleck
2024-02-09 10:24:20.427 | INFO     | gtab.trend_search:calibrate_instance:61 - query success: Ben Vereen
2024-02-09 10:24:28.105 | INFO     | gtab.trend_search:calibrate_instance:61 - query success: Benton Strong
2024-02-09 10:24:33.593 | INFO     | gtab.trend_search:calibrate_instance:61 - query success: Bill Hybels
2024-02-09 10:24:39.323 | INFO     | gtab.trend_search:calibrate_instance:61 - query success: Blake Farenthold
2024-02-09 10:24:45.309 | INFO     | gtab.trend_search:calibrate_instance:61 - query success: Bob Weinstein
2024-02-09 10:24:53.915 | INFO     | gtab.trend_search:calibrate_instance:61 - query success: Borris Miles
2024-02-09 10:24:59.668 | INFO     | gtab.trend_search:calibrate_instance:61 - query success: Carlos Uresti
2024-02-09 10:25:07.990 | INFO     | gtab.trend_search:calibrate_instance:61 - query success: Brett Kavanaugh
2024-02-09 10:25:19.405 | INFO     | gtab.trend_search:calibrate_instance:61 - query success: Brett Ratner
2024-02-09 10:25:25.244 | INFO     | gtab.trend_search:calibrate_instance:61 - query success: Mario Testino
2024-02-09 10:25:32.002 | INFO     | gtab.trend_search:calibrate_instance:61 - query success: Bruce Weber
2024-02-09 10:25:38.588 | INFO     | gtab.trend_search:calibrate_instance:61 - query success: Bryan Singer
2024-02-09 10:25:45.811 | INFO     | gtab.trend_search:calibrate_instance:61 - query success: Calvin Smyre
2024-02-09 10:25:53.035 | INFO     | gtab.trend_search:calibrate_instance:61 - query success: Francisco Ayala
2024-02-09 10:26:01.431 | INFO     | gtab.trend_search:calibrate_instance:61 - query success: Roland G. Fryer, Jr.
2024-02-09 10:26:07.335 | INFO     | gtab.trend_search:calibrate_instance:61 - query success: George Tyndall
2024-02-09 10:26:12.559 | INFO     | gtab.trend_search:calibrate_instance:61 - query success: William Strampel
