2024-02-09 10:38:04.943 | INFO     | gtab.trend_search:calibrate_instance:61 - query success: Debbie Schlussel
2024-02-09 10:38:12.313 | INFO     | gtab.trend_search:calibrate_instance:61 - query success: Caroline Heldman
2024-02-09 10:38:19.074 | INFO     | gtab.trend_search:calibrate_instance:61 - query success: Scottie Nell Hughes
2024-02-09 10:38:28.594 | INFO     | gtab.trend_search:calibrate_instance:61 - query success: Jasmine Baker
2024-02-09 10:38:36.888 | INFO     | gtab.trend_search:calibrate_instance:61 - query success: Eden Rohatensky
2024-02-09 10:38:45.690 | INFO     | gtab.trend_search:calibrate_instance:61 - query success: Amanda Schmitt
2024-02-09 10:38:54.404 | INFO     | gtab.trend_search:calibrate_instance:61 - query success: Alissa McKendrick
2024-02-09 10:39:05.801 | INFO     | gtab.trend_search:calibrate_instance:61 - query success: Helena Donahue
2024-02-09 10:39:12.215 | INFO     | gtab.trend_search:calibrate_instance:61 - query success: Ben Ryan
2024-02-09 10:39:17.756 | INFO     | gtab.trend_search:calibrate_instance:61 - query success: Kallie Plagge
2024-02-09 10:39:26.034 | INFO     | gtab.trend_search:calibrate_instance:61 - query success: Brooke Nevils
2024-02-09 10:39:32.856 | INFO     | gtab.trend_search:calibrate_instance:61 - query success: Suki Kim
2024-02-09 10:39:39.872 | INFO     | gtab.trend_search:calibrate_instance:61 - query success: Jami Cantor
2024-02-09 10:39:48.160 | INFO     | gtab.trend_search:calibrate_instance:61 - query success: Kerry Nolan
2024-02-09 10:39:56.453 | INFO     | gtab.trend_search:calibrate_instance:61 - query success: Liliana Segura
2024-02-09 10:40:07.737 | INFO     | gtab.trend_search:calibrate_instance:61 - query success: Kristen Gwynne
2024-02-09 10:40:16.115 | INFO     | gtab.trend_search:calibrate_instance:61 - query success: Tana Ganeva
2024-02-09 10:40:25.641 | INFO     | gtab.trend_search:calibrate_instance:61 - query success: Amanda Rue
2024-02-09 10:40:35.374 | INFO     | gtab.trend_search:calibrate_instance:61 - query success: Gabrielle Schaefer
2024-02-09 10:40:43.765 | INFO     | gtab.trend_search:calibrate_instance:61 - query success: Wendy Sigal
2024-02-09 10:40:54.522 | INFO     | gtab.trend_search:calibrate_instance:61 - query success: Veronica Pike Kennedy
2024-02-09 10:41:01.619 | INFO     | gtab.trend_search:calibrate_instance:61 - query success: Leigh Corfman
2024-02-09 10:41:07.843 | INFO     | gtab.trend_search:calibrate_instance:61 - query success: Beverly Young Nelson
2024-02-09 10:41:14.181 | INFO     | gtab.trend_search:calibrate_instance:61 - query success: Tina Johnson
2024-02-09 10:41:23.531 | INFO     | gtab.trend_search:calibrate_instance:61 - query success: Becky Gray
2024-02-09 10:41:31.382 | INFO     | gtab.trend_search:calibrate_instance:61 - query success: Anastasia Taylor-Lind
2024-02-09 10:41:40.617 | INFO     | gtab.trend_search:calibrate_instance:61 - query success: Stephanie Sinclair
2024-02-09 10:41:47.969 | INFO     | gtab.trend_search:calibrate_instance:61 - query success: Kate Kelly
2024-02-09 10:41:56.262 | INFO     | gtab.trend_search:calibrate_instance:61 - query success: Simone Grimes
2024-02-09 10:42:04.249 | INFO     | gtab.trend_search:calibrate_instance:61 - query success: Rose McGowan
2024-02-09 10:42:10.085 | INFO     | gtab.trend_search:calibrate_instance:61 - query success: Annabella Sciorra
2024-02-09 10:42:18.376 | INFO     | gtab.trend_search:calibrate_instance:61 - query success: Mira Sorvino
2024-02-09 10:42:26.984 | INFO     | gtab.trend_search:calibrate_instance:61 - query success: Salma Hayek
2024-02-09 10:42:33.129 | INFO     | gtab.trend_search:calibrate_instance:61 - query success: Lucia Evans
2024-02-09 10:42:40.192 | INFO     | gtab.trend_search:calibrate_instance:61 - query success: Paz de la Huerta
2024-02-09 10:42:47.377 | INFO     | gtab.trend_search:calibrate_instance:61 - query success: Gwyneth Paltrow
2024-02-09 10:42:54.067 | INFO     | gtab.trend_search:calibrate_instance:61 - query success: Mimi Haleyi
2024-02-09 10:43:02.925 | INFO     | gtab.trend_search:calibrate_instance:61 - query success: Dominique Huett
2024-02-09 10:43:09.989 | INFO     | gtab.trend_search:calibrate_instance:61 - query success: Natassia Malthe
2024-02-09 10:43:16.752 | INFO     | gtab.trend_search:calibrate_instance:61 - query success: Lysette Anthony
2024-02-09 10:43:26.035 | INFO     | gtab.trend_search:calibrate_instance:61 - query success: Angelina Jolie
2024-02-09 10:43:37.949 | INFO     | gtab.trend_search:calibrate_instance:61 - query success: Uma Thurman
2024-02-09 10:43:45.934 | INFO     | gtab.trend_search:calibrate_instance:61 - query success: Heather Graham
2024-02-09 10:43:53.001 | INFO     | gtab.trend_search:calibrate_instance:61 - query success: Zoe Brock
2024-02-09 10:44:00.370 | INFO     | gtab.trend_search:calibrate_instance:61 - query success: Louisette Geiss
2024-02-09 10:44:07.936 | INFO     | gtab.trend_search:calibrate_instance:61 - query success: Ambra Battilana Gutierrez
2024-02-09 10:44:13.581 | INFO     | gtab.trend_search:calibrate_instance:61 - query success: Michelle Manning Barish
2024-02-09 10:44:20.030 | INFO     | gtab.trend_search:calibrate_instance:61 - query success: Tanya Selvaratnam
2024-02-09 10:44:28.943 | INFO     | gtab.trend_search:calibrate_instance:61 - query success: Sarah Schacht
2024-02-09 10:44:38.745 | INFO     | gtab.trend_search:calibrate_instance:61 - query success: Erie Meyer
2024-02-09 10:44:46.451 | INFO     | gtab.trend_search:calibrate_instance:61 - query success: Daniel Fierro
2024-02-09 10:44:54.744 | INFO     | gtab.trend_search:calibrate_instance:61 - query success: Erica Vladimer
2024-02-09 10:45:03.349 | INFO     | gtab.trend_search:calibrate_instance:61 - query success: Joy Villa
2024-02-09 10:45:12.868 | INFO     | gtab.trend_search:calibrate_instance:61 - query success: M. Reese Everson
2024-02-09 10:45:22.319 | INFO     | gtab.trend_search:calibrate_instance:61 - query success: Tatiana Maxwell
2024-02-09 10:45:30.071 | INFO     | gtab.trend_search:calibrate_instance:61 - query success: Maranda Richmond
2024-02-09 10:45:36.533 | INFO     | gtab.trend_search:calibrate_instance:61 - query success: Paige Carnes
2024-02-09 10:45:43.111 | INFO     | gtab.trend_search:calibrate_instance:61 - query success: Alexandra Waterbury
2024-02-09 10:45:52.191 | INFO     | gtab.trend_search:calibrate_instance:61 - query success: Jimmy Bennett
2024-02-09 10:46:02.256 | INFO     | gtab.trend_search:calibrate_instance:61 - query success: Michael Zakar
2024-02-09 10:46:11.847 | INFO     | gtab.trend_search:calibrate_instance:61 - query success: Zach Zakar
2024-02-09 10:46:18.398 | INFO     | gtab.trend_search:calibrate_instance:61 - query success: Alan Arkin
2024-02-09 10:46:25.173 | INFO     | gtab.trend_search:calibrate_instance:61 - query success: Chloe Melas
2024-02-09 10:46:34.894 | INFO     | gtab.trend_search:calibrate_instance:61 - query success: James Frost-Winn
2024-02-09 10:46:43.802 | INFO     | gtab.trend_search:calibrate_instance:61 - query success: Rhett Rowan
2024-02-09 10:46:51.041 | INFO     | gtab.trend_search:calibrate_instance:61 - query success: Robyn Byrd
2024-02-09 10:46:57.932 | INFO     | gtab.trend_search:calibrate_instance:61 - query success: Star Simpson
2024-02-09 10:47:08.068 | INFO     | gtab.trend_search:calibrate_instance:61 - query success: Delilah Burke
2024-02-09 10:47:14.520 | INFO     | gtab.trend_search:calibrate_instance:61 - query success: Quinn Norton
2024-02-09 10:47:21.585 | INFO     | gtab.trend_search:calibrate_instance:61 - query success: Cheryl Yeoh
2024-02-09 10:47:28.838 | INFO     | gtab.trend_search:calibrate_instance:61 - query success: Susan J. Fowler
2024-02-09 10:47:36.024 | INFO     | gtab.trend_search:calibrate_instance:61 - query success: Nimrod Reitman
2024-02-09 10:47:40.604 | INFO     | gtab.trend_search:calibrate_instance:79 - bad query: Katherine O’Connell
2024-02-09 10:47:48.659 | INFO     | gtab.trend_search:calibrate_instance:61 - query success: Valerie Sulfaro
2024-02-09 10:47:57.529 | INFO     | gtab.trend_search:calibrate_instance:61 - query success: Jazmine Walker
2024-02-09 10:48:01.060 | INFO     | gtab.trend_search:calibrate_instance:79 - bad query: Shan’Ternera Williams
2024-02-09 10:48:08.588 | INFO     | gtab.trend_search:calibrate_instance:61 - query success: Terry Karl
2024-02-09 10:48:14.161 | INFO     | gtab.trend_search:calibrate_instance:61 - query success: Ariana Kukors
2024-02-09 10:48:23.332 | INFO     | gtab.trend_search:calibrate_instance:61 - query success: Sara Rabuse
2024-02-09 10:48:32.449 | INFO     | gtab.trend_search:calibrate_instance:61 - query success: Jamie Leigh Hogan
2024-02-09 10:48:37.130 | INFO     | gtab.trend_search:calibrate_instance:79 - bad query: Mary Frances Pulizzi
2024-02-09 10:48:47.430 | INFO     | gtab.trend_search:calibrate_instance:61 - query success: Gretchen Carlson
2024-02-09 10:48:57.430 | INFO     | gtab.trend_search:calibrate_instance:61 - query success: Burgess
2024-02-09 10:49:05.898 | INFO     | gtab.trend_search:calibrate_instance:61 - query success: Gloria Walker
2024-02-09 10:49:15.250 | INFO     | gtab.trend_search:calibrate_instance:61 - query success: Britt Hayes
2024-02-09 10:49:21.087 | INFO     | gtab.trend_search:calibrate_instance:61 - query success: Isa Hackett
2024-02-09 10:49:27.358 | INFO     | gtab.trend_search:calibrate_instance:61 - query success: April Dawn
2024-02-09 10:49:35.527 | INFO     | gtab.trend_search:calibrate_instance:61 - query success: Devin Murphy
2024-02-09 10:49:43.201 | INFO     | gtab.trend_search:calibrate_instance:61 - query success: Elisabeth McAvoy
2024-02-09 10:49:52.133 | INFO     | gtab.trend_search:calibrate_instance:61 - query success: Jordana Zeldin
2024-02-09 10:50:01.639 | INFO     | gtab.trend_search:calibrate_instance:61 - query success: Valerie Werder
2024-02-09 10:50:10.999 | INFO     | gtab.trend_search:calibrate_instance:61 - query success: Kristen Meinzer
2024-02-09 10:50:22.225 | INFO     | gtab.trend_search:calibrate_instance:61 - query success: Laura Gottesdiener
2024-02-09 10:50:33.893 | INFO     | gtab.trend_search:calibrate_instance:61 - query success: Mac McClelland
2024-02-09 10:50:45.265 | INFO     | gtab.trend_search:calibrate_instance:61 - query success: Gloria Thacker Deason
2024-02-09 10:50:55.702 | INFO     | gtab.trend_search:calibrate_instance:61 - query success: Wendy Miller
2024-02-09 10:51:04.925 | INFO     | gtab.trend_search:calibrate_instance:61 - query success: Debbie Wesson Gibson
2024-02-09 10:51:13.113 | INFO     | gtab.trend_search:calibrate_instance:61 - query success: Gena Richardson
2024-02-09 10:51:19.973 | INFO     | gtab.trend_search:calibrate_instance:61 - query success: Phyllis Smith
2024-02-09 10:51:27.041 | INFO     | gtab.trend_search:calibrate_instance:61 - query success: Jessica Leeds
2024-02-09 10:51:32.771 | INFO     | gtab.trend_search:calibrate_instance:61 - query success: Kristin Anderson
2024-02-09 10:51:39.657 | INFO     | gtab.trend_search:calibrate_instance:61 - query success: Jill Harth
2024-02-09 10:51:46.087 | INFO     | gtab.trend_search:calibrate_instance:61 - query success: Cathy Heller
2024-02-09 10:51:55.918 | INFO     | gtab.trend_search:calibrate_instance:61 - query success: Temple Taggart McDowell
2024-02-09 10:52:02.641 | INFO     | gtab.trend_search:calibrate_instance:61 - query success: Karena Virginia
2024-02-09 10:52:11.645 | INFO     | gtab.trend_search:calibrate_instance:61 - query success: Bridget Sullivan
2024-02-09 10:52:17.619 | INFO     | gtab.trend_search:calibrate_instance:61 - query success: Tasha Dixon
2024-02-09 10:52:24.341 | INFO     | gtab.trend_search:calibrate_instance:61 - query success: Mindy McGillivray
2024-02-09 10:52:31.853 | INFO     | gtab.trend_search:calibrate_instance:61 - query success: Rachel Crooks
2024-02-09 10:52:40.149 | INFO     | gtab.trend_search:calibrate_instance:61 - query success: Natasha Stoynoff
2024-02-09 10:52:46.298 | INFO     | gtab.trend_search:calibrate_instance:61 - query success: Jennifer Murphy
2024-02-09 10:52:58.280 | INFO     | gtab.trend_search:calibrate_instance:61 - query success: Jessica Drake
2024-02-09 10:53:05.654 | INFO     | gtab.trend_search:calibrate_instance:61 - query success: Ninni Laaksonen
2024-02-09 10:53:12.135 | INFO     | gtab.trend_search:calibrate_instance:61 - query success: Summer Zervos
2024-02-09 10:53:18.860 | INFO     | gtab.trend_search:calibrate_instance:61 - query success: Cassandra Searles
2024-02-09 10:53:29.321 | INFO     | gtab.trend_search:calibrate_instance:61 - query success: E. Jean Carroll
2024-02-09 10:53:39.137 | INFO     | gtab.trend_search:calibrate_instance:61 - query success: Amy Dorris
2024-02-09 10:53:46.206 | INFO     | gtab.trend_search:calibrate_instance:61 - query success: Kellie Boyle
2024-02-09 10:53:54.802 | INFO     | gtab.trend_search:calibrate_instance:61 - query success: Marsha Callahan
2024-02-09 10:54:05.033 | INFO     | gtab.trend_search:calibrate_instance:61 - query success: Susan
2024-02-09 10:54:14.155 | INFO     | gtab.trend_search:calibrate_instance:61 - query success: Diane
2024-02-09 10:54:23.987 | INFO     | gtab.trend_search:calibrate_instance:61 - query success: Pat
2024-02-09 10:54:32.001 | INFO     | gtab.trend_search:calibrate_instance:61 - query success: Wendy Walsh
2024-02-09 10:54:41.506 | INFO     | gtab.trend_search:calibrate_instance:61 - query success: Page Zeringue
2024-02-09 10:54:52.247 | INFO     | gtab.trend_search:calibrate_instance:61 - query success: Sarah Lozano
2024-02-09 10:54:59.934 | INFO     | gtab.trend_search:calibrate_instance:61 - query success: Terry Crews
2024-02-09 10:55:06.383 | INFO     | gtab.trend_search:calibrate_instance:61 - query success: Katie Brennan
2024-02-09 10:55:12.725 | INFO     | gtab.trend_search:calibrate_instance:61 - query success: Kristin Booth
2024-02-09 10:55:21.464 | INFO     | gtab.trend_search:calibrate_instance:61 - query success: Trish Fagan
2024-02-09 10:55:29.425 | INFO     | gtab.trend_search:calibrate_instance:61 - query success: Diana Bentley
2024-02-09 10:55:35.559 | INFO     | gtab.trend_search:calibrate_instance:61 - query success: Hannah Miller
2024-02-09 10:55:44.142 | INFO     | gtab.trend_search:calibrate_instance:61 - query success: Olivia Pera
2024-02-09 10:55:54.615 | INFO     | gtab.trend_search:calibrate_instance:61 - query success: Meribah Knight
2024-02-09 10:56:05.059 | INFO     | gtab.trend_search:calibrate_instance:61 - query success: Lauryn Schroeder
2024-02-09 10:56:15.305 | INFO     | gtab.trend_search:calibrate_instance:61 - query success: Ashley Beckford
2024-02-09 10:56:24.408 | INFO     | gtab.trend_search:calibrate_instance:61 - query success: Rob Jacobson
2024-02-09 10:56:35.469 | INFO     | gtab.trend_search:calibrate_instance:61 - query success: Dahlia Lithwick
2024-02-09 10:56:43.760 | INFO     | gtab.trend_search:calibrate_instance:61 - query success: Nancy Rapoport
2024-02-09 10:56:55.158 | INFO     | gtab.trend_search:calibrate_instance:61 - query success: Leah Litman
2024-02-09 10:57:10.299 | INFO     | gtab.trend_search:calibrate_instance:61 - query success: Christine O.C. Miller
2024-02-09 10:57:22.425 | INFO     | gtab.trend_search:calibrate_instance:61 - query success: Dasha Alexander
2024-02-09 10:57:34.145 | INFO     | gtab.trend_search:calibrate_instance:61 - query success: Gary Funkhouser
2024-02-09 10:57:43.817 | INFO     | gtab.trend_search:calibrate_instance:61 - query success: Jacqueline Mueller
2024-02-09 10:57:57.459 | INFO     | gtab.trend_search:calibrate_instance:61 - query success: Tessa Goss
2024-02-09 10:58:11.591 | INFO     | gtab.trend_search:calibrate_instance:61 - query success: Mandy June Turpin
2024-02-09 10:58:21.451 | INFO     | gtab.trend_search:calibrate_instance:61 - query success: Jules Woodson
2024-02-09 10:58:34.342 | INFO     | gtab.trend_search:calibrate_instance:61 - query success: Grace
2024-02-09 10:58:44.970 | INFO     | gtab.trend_search:calibrate_instance:61 - query success: Zoey Dunne
2024-02-09 10:58:53.710 | INFO     | gtab.trend_search:calibrate_instance:61 - query success: Hilarie Burton
2024-02-09 10:58:59.849 | INFO     | gtab.trend_search:calibrate_instance:61 - query success: Annamarie Tendler
2024-02-09 10:59:07.435 | INFO     | gtab.trend_search:calibrate_instance:61 - query success: Kaitlyn Terpstra
2024-02-09 10:59:16.555 | INFO     | gtab.trend_search:calibrate_instance:61 - query success: Kim
2024-02-09 10:59:24.731 | INFO     | gtab.trend_search:calibrate_instance:61 - query success: Vera
2024-02-09 10:59:33.641 | INFO     | gtab.trend_search:calibrate_instance:61 - query success: Ariella Pizarro
2024-02-09 10:59:42.842 | INFO     | gtab.trend_search:calibrate_instance:61 - query success: Mary
2024-02-09 10:59:51.459 | INFO     | gtab.trend_search:calibrate_instance:61 - query success: Vonda Dyer
2024-02-09 11:00:00.677 | INFO     | gtab.trend_search:calibrate_instance:61 - query success: Beach
2024-02-09 11:00:07.790 | INFO     | gtab.trend_search:calibrate_instance:61 - query success: Lauren Greene
2024-02-09 11:00:13.272 | INFO     | gtab.trend_search:calibrate_instance:61 - query success: Amanda Segel
2024-02-09 11:00:25.865 | INFO     | gtab.trend_search:calibrate_instance:61 - query success: Lauren
2024-02-09 11:00:36.620 | INFO     | gtab.trend_search:calibrate_instance:61 - query success: Heather
2024-02-09 11:00:47.988 | INFO     | gtab.trend_search:calibrate_instance:61 - query success: Margaret
2024-02-09 11:00:59.041 | INFO     | gtab.trend_search:calibrate_instance:61 - query success: Rachel
2024-02-09 11:01:09.154 | INFO     | gtab.trend_search:calibrate_instance:61 - query success: Christine Blasey Ford
2024-02-09 11:01:16.561 | INFO     | gtab.trend_search:calibrate_instance:61 - query success: Julie Swetnick
2024-02-09 11:01:24.849 | INFO     | gtab.trend_search:calibrate_instance:61 - query success: Deborah Ramirez
2024-02-09 11:01:31.960 | INFO     | gtab.trend_search:calibrate_instance:61 - query success: Natasha Henstridge
2024-02-09 11:01:39.594 | INFO     | gtab.trend_search:calibrate_instance:61 - query success: Olivia Munn
2024-02-09 11:01:46.658 | INFO     | gtab.trend_search:calibrate_instance:61 - query success: Jaime Ray Newman
2024-02-09 11:01:52.807 | INFO     | gtab.trend_search:calibrate_instance:61 - query success: Katharine Towne
2024-02-09 11:02:00.480 | INFO     | gtab.trend_search:calibrate_instance:61 - query success: Eri Sasaki
2024-02-09 11:02:06.742 | INFO     | gtab.trend_search:calibrate_instance:61 - query success: Jorina King
2024-02-09 11:02:13.695 | INFO     | gtab.trend_search:calibrate_instance:61 - query success: Ryan Locke
2024-02-09 11:02:22.296 | INFO     | gtab.trend_search:calibrate_instance:61 - query success: Jason Fedele
2024-02-09 11:02:32.684 | INFO     | gtab.trend_search:calibrate_instance:61 - query success: Hugo Tillman
2024-02-09 11:02:38.799 | INFO     | gtab.trend_search:calibrate_instance:61 - query success: Taber
2024-02-09 11:02:48.731 | INFO     | gtab.trend_search:calibrate_instance:61 - query success: Roman Barrett
2024-02-09 11:02:55.475 | INFO     | gtab.trend_search:calibrate_instance:61 - query success: Robyn Sinclair
2024-02-09 11:03:05.304 | INFO     | gtab.trend_search:calibrate_instance:61 - query success: Terron Wood
2024-02-09 11:03:14.716 | INFO     | gtab.trend_search:calibrate_instance:61 - query success: Josh Ardolf
2024-02-09 11:03:21.660 | INFO     | gtab.trend_search:calibrate_instance:61 - query success: Bobby Roache
2024-02-09 11:03:30.797 | INFO     | gtab.trend_search:calibrate_instance:61 - query success: Monty Hooper
2024-02-09 11:03:39.711 | INFO     | gtab.trend_search:calibrate_instance:61 - query success: Mark Ricketson
2024-02-09 11:03:45.159 | INFO     | gtab.trend_search:calibrate_instance:61 - query success: Michael Egan
2024-02-09 11:03:50.726 | INFO     | gtab.trend_search:calibrate_instance:61 - query success: John Doe
2024-02-09 11:03:56.619 | INFO     | gtab.trend_search:calibrate_instance:61 - query success: Cesar Sanchez-Guzman
2024-02-09 11:04:02.748 | INFO     | gtab.trend_search:calibrate_instance:61 - query success: Jehmu Greene
2024-02-09 11:04:11.926 | INFO     | gtab.trend_search:calibrate_instance:61 - query success: Kathleen Treseder
2024-02-09 11:04:19.952 | INFO     | gtab.trend_search:calibrate_instance:61 - query success: Jessica Pratt
2024-02-09 11:04:28.675 | INFO     | gtab.trend_search:calibrate_instance:61 - query success: Benedicte Shipley
2024-02-09 11:04:38.380 | INFO     | gtab.trend_search:calibrate_instance:61 - query success: Michelle Herrera
2024-02-09 11:04:42.040 | INFO     | gtab.trend_search:calibrate_instance:79 - bad query: Naomi R. Shatz
2024-02-09 11:04:48.414 | INFO     | gtab.trend_search:calibrate_instance:61 - query success: Dana Loewy
2024-02-09 11:04:55.584 | INFO     | gtab.trend_search:calibrate_instance:61 - query success: Heil
2024-02-09 11:05:04.283 | INFO     | gtab.trend_search:calibrate_instance:61 - query success: Nicole Eastman
2024-02-09 11:05:08.769 | INFO     | gtab.trend_search:calibrate_instance:79 - bad query: Katherine O’Connell
2024-02-09 11:05:11.773 | INFO     | gtab.trend_search:calibrate_instance:79 - bad query: Shan’Ternera Williams
2024-02-09 11:05:14.839 | INFO     | gtab.trend_search:calibrate_instance:79 - bad query: Mary Frances Pulizzi
2024-02-09 11:05:17.102 | INFO     | gtab.trend_search:calibrate_instance:79 - bad query: Naomi R. Shatz
2024-02-09 11:05:19.826 | INFO     | gtab.trend_search:calibrate_instance:79 - bad query: Katherine O’Connell
2024-02-09 11:05:23.216 | INFO     | gtab.trend_search:calibrate_instance:79 - bad query: Shan’Ternera Williams
2024-02-09 11:05:26.585 | INFO     | gtab.trend_search:calibrate_instance:79 - bad query: Mary Frances Pulizzi
2024-02-09 11:05:31.806 | INFO     | gtab.trend_search:calibrate_instance:79 - bad query: Naomi R. Shatz
2024-02-09 11:05:33.789 | INFO     | gtab.trend_search:calibrate_instance:79 - bad query: Katherine O’Connell
2024-02-09 11:05:36.722 | INFO     | gtab.trend_search:calibrate_instance:79 - bad query: Shan’Ternera Williams
2024-02-09 11:05:39.024 | INFO     | gtab.trend_search:calibrate_instance:79 - bad query: Mary Frances Pulizzi
2024-02-09 11:05:41.244 | INFO     | gtab.trend_search:calibrate_instance:79 - bad query: Naomi R. Shatz
2024-02-09 11:05:43.811 | INFO     | gtab.trend_search:calibrate_instance:79 - bad query: Katherine O’Connell
2024-02-09 11:05:47.693 | INFO     | gtab.trend_search:calibrate_instance:79 - bad query: Shan’Ternera Williams
2024-02-09 11:05:50.853 | INFO     | gtab.trend_search:calibrate_instance:79 - bad query: Mary Frances Pulizzi
2024-02-09 11:05:54.232 | INFO     | gtab.trend_search:calibrate_instance:79 - bad query: Naomi R. Shatz
2024-02-09 11:05:56.922 | INFO     | gtab.trend_search:calibrate_instance:79 - bad query: Katherine O’Connell
2024-02-09 11:06:00.993 | INFO     | gtab.trend_search:calibrate_instance:79 - bad query: Shan’Ternera Williams
2024-02-09 11:06:03.176 | INFO     | gtab.trend_search:calibrate_instance:79 - bad query: Mary Frances Pulizzi
2024-02-09 11:06:06.521 | INFO     | gtab.trend_search:calibrate_instance:79 - bad query: Naomi R. Shatz
